# JRE version: OpenJDK Runtime Environment (8.0_242-b01) (build 1.8.0_242-release-1644-b01)
# Java VM: OpenJDK 64-Bit Server VM (25.242-b01 mixed mode windows-amd64 compressed oops)
Heap:
 PSYoungGen      total 168960K, used 98760K [0x00000000d5580000, 0x00000000e2d00000, 0x0000000100000000)
  eden space 153088K, 64% used [0x00000000d5580000,0x00000000db5f2198,0x00000000deb00000)
  from space 15872K, 0% used [0x00000000dff00000,0x00000000dff00000,0x00000000e0e80000)
  to   space 20480K, 0% used [0x00000000deb00000,0x00000000deb00000,0x00000000dff00000)
 ParOldGen       total 142336K, used 35625K [0x0000000080000000, 0x0000000088b00000, 0x00000000d5580000)
  object space 142336K, 25% used [0x0000000080000000,0x00000000822ca610,0x0000000088b00000)
 Metaspace       used 64045K, capacity 66724K, committed 67032K, reserved 1107968K
  class space    used 8625K, capacity 9148K, committed 9216K, reserved 1048576K
GC Heap History (10 events):
Event: 7.098 GC heap before
{Heap before GC invocations=11 (full 2):
 PSYoungGen      total 115200K, used 7898K [0x00000000d5580000, 0x00000000dfe00000, 0x0000000100000000)
  eden space 103424K, 0% used [0x00000000d5580000,0x00000000d5580000,0x00000000dba80000)
  from space 11776K, 67% used [0x00000000dba80000,0x00000000dc236a30,0x00000000dc600000)
  to   space 11776K, 0% used [0x00000000df280000,0x00000000df280000,0x00000000dfe00000)
 ParOldGen       total 59392K, used 9147K [0x0000000080000000, 0x0000000083a00000, 0x00000000d5580000)
  object space 59392K, 15% used [0x0000000080000000,0x00000000808eefc8,0x0000000083a00000)
 Metaspace       used 34176K, capacity 35342K, committed 35456K, reserved 1079296K
  class space    used 4602K, capacity 4917K, committed 4992K, reserved 1048576K
Event: 7.247 GC heap after
Heap after GC invocations=11 (full 2):
 PSYoungGen      total 115200K, used 0K [0x00000000d5580000, 0x00000000dfe00000, 0x0000000100000000)
  eden space 103424K, 0% used [0x00000000d5580000,0x00000000d5580000,0x00000000dba80000)
  from space 11776K, 0% used [0x00000000dba80000,0x00000000dba80000,0x00000000dc600000)
  to   space 11776K, 0% used [0x00000000df280000,0x00000000df280000,0x00000000dfe00000)
 ParOldGen       total 90112K, used 14534K [0x0000000080000000, 0x0000000085800000, 0x00000000d5580000)
  object space 90112K, 16% used [0x0000000080000000,0x0000000080e319c8,0x0000000085800000)
 Metaspace       used 34176K, capacity 35342K, committed 35456K, reserved 1079296K
  class space    used 4602K, capacity 4917K, committed 4992K, reserved 1048576K
}
Event: 9.270 GC heap before
{Heap before GC invocations=12 (full 2):
 PSYoungGen      total 115200K, used 103424K [0x00000000d5580000, 0x00000000dfe00000, 0x0000000100000000)
  eden space 103424K, 100% used [0x00000000d5580000,0x00000000dba80000,0x00000000dba80000)
  from space 11776K, 0% used [0x00000000dba80000,0x00000000dba80000,0x00000000dc600000)
  to   space 11776K, 0% used [0x00000000df280000,0x00000000df280000,0x00000000dfe00000)
 ParOldGen       total 90112K, used 14534K [0x0000000080000000, 0x0000000085800000, 0x00000000d5580000)
  object space 90112K, 16% used [0x0000000080000000,0x0000000080e319c8,0x0000000085800000)
 Metaspace       used 40156K, capacity 41710K, committed 41856K, reserved 1085440K
  class space    used 5369K, capacity 5740K, committed 5760K, reserved 1048576K
Event: 9.283 GC heap after
Heap after GC invocations=12 (full 2):
 PSYoungGen      total 139776K, used 10687K [0x00000000d5580000, 0x00000000dfd00000, 0x0000000100000000)
  eden space 129024K, 0% used [0x00000000d5580000,0x00000000d5580000,0x00000000dd380000)
  from space 10752K, 99% used [0x00000000df280000,0x00000000dfcefc08,0x00000000dfd00000)
  to   space 12288K, 0% used [0x00000000de500000,0x00000000de500000,0x00000000df100000)
 ParOldGen       total 90112K, used 14542K [0x0000000080000000, 0x0000000085800000, 0x00000000d5580000)
  object space 90112K, 16% used [0x0000000080000000,0x0000000080e339c8,0x0000000085800000)
 Metaspace       used 40156K, capacity 41710K, committed 41856K, reserved 1085440K
  class space    used 5369K, capacity 5740K, committed 5760K, reserved 1048576K
}
Event: 11.714 GC heap before
{Heap before GC invocations=13 (full 2):
 PSYoungGen      total 139776K, used 139711K [0x00000000d5580000, 0x00000000dfd00000, 0x0000000100000000)
  eden space 129024K, 100% used [0x00000000d5580000,0x00000000dd380000,0x00000000dd380000)
  from space 10752K, 99% used [0x00000000df280000,0x00000000dfcefc08,0x00000000dfd00000)
  to   space 12288K, 0% used [0x00000000de500000,0x00000000de500000,0x00000000df100000)
 ParOldGen       total 90112K, used 14542K [0x0000000080000000, 0x0000000085800000, 0x00000000d5580000)
  object space 90112K, 16% used [0x0000000080000000,0x0000000080e339c8,0x0000000085800000)
 Metaspace       used 49187K, capacity 51374K, committed 51584K, reserved 1093632K
  class space    used 6538K, capacity 6982K, committed 7040K, reserved 1048576K
Event: 11.734 GC heap after
Heap after GC invocations=13 (full 2):
 PSYoungGen      total 159232K, used 12261K [0x00000000d5580000, 0x00000000e0e80000, 0x0000000100000000)
  eden space 146944K, 0% used [0x00000000d5580000,0x00000000d5580000,0x00000000de500000)
  from space 12288K, 99% used [0x00000000de500000,0x00000000df0f9720,0x00000000df100000)
  to   space 15872K, 0% used [0x00000000dff00000,0x00000000dff00000,0x00000000e0e80000)
 ParOldGen       total 90112K, used 19661K [0x0000000080000000, 0x0000000085800000, 0x00000000d5580000)
  object space 90112K, 21% used [0x0000000080000000,0x0000000081333608,0x0000000085800000)
 Metaspace       used 49187K, capacity 51374K, committed 51584K, reserved 1093632K
  class space    used 6538K, capacity 6982K, committed 7040K, reserved 1048576K
}
Event: 13.376 GC heap before
{Heap before GC invocations=14 (full 2):
 PSYoungGen      total 159232K, used 109448K [0x00000000d5580000, 0x00000000e0e80000, 0x0000000100000000)
  eden space 146944K, 66% used [0x00000000d5580000,0x00000000db468a70,0x00000000de500000)
  from space 12288K, 99% used [0x00000000de500000,0x00000000df0f9720,0x00000000df100000)
  to   space 15872K, 0% used [0x00000000dff00000,0x00000000dff00000,0x00000000e0e80000)
 ParOldGen       total 90112K, used 19661K [0x0000000080000000, 0x0000000085800000, 0x00000000d5580000)
  object space 90112K, 21% used [0x0000000080000000,0x0000000081333608,0x0000000085800000)
 Metaspace       used 56693K, capacity 58996K, committed 59096K, reserved 1099776K
  class space    used 7455K, capacity 7913K, committed 7936K, reserved 1048576K
Event: 13.410 GC heap after
Heap after GC invocations=14 (full 2):
 PSYoungGen      total 168960K, used 15848K [0x00000000d5580000, 0x00000000e2d00000, 0x0000000100000000)
  eden space 153088K, 0% used [0x00000000d5580000,0x00000000d5580000,0x00000000deb00000)
  from space 15872K, 99% used [0x00000000dff00000,0x00000000e0e7a3b0,0x00000000e0e80000)
  to   space 20480K, 0% used [0x00000000deb00000,0x00000000deb00000,0x00000000dff00000)
 ParOldGen       total 90112K, used 27084K [0x0000000080000000, 0x0000000085800000, 0x00000000d5580000)
  object space 90112K, 30% used [0x0000000080000000,0x0000000081a73220,0x0000000085800000)
 Metaspace       used 56693K, capacity 58996K, committed 59096K, reserved 1099776K
  class space    used 7455K, capacity 7913K, committed 7936K, reserved 1048576K
}
Event: 13.410 GC heap before
{Heap before GC invocations=15 (full 3):
 PSYoungGen      total 168960K, used 15848K [0x00000000d5580000, 0x00000000e2d00000, 0x0000000100000000)
  eden space 153088K, 0% used [0x00000000d5580000,0x00000000d5580000,0x00000000deb00000)
  from space 15872K, 99% used [0x00000000dff00000,0x00000000e0e7a3b0,0x00000000e0e80000)
  to   space 20480K, 0% used [0x00000000deb00000,0x00000000deb00000,0x00000000dff00000)
 ParOldGen       total 90112K, used 27084K [0x0000000080000000, 0x0000000085800000, 0x00000000d5580000)
  object space 90112K, 30% used [0x0000000080000000,0x0000000081a73220,0x0000000085800000)
 Metaspace       used 56693K, capacity 58996K, committed 59096K, reserved 1099776K
  class space    used 7455K, capacity 7913K, committed 7936K, reserved 1048576K
Event: 13.679 GC heap after
Heap after GC invocations=15 (full 3):
 PSYoungGen      total 168960K, used 0K [0x00000000d5580000, 0x00000000e2d00000, 0x0000000100000000)
  eden space 153088K, 0% used [0x00000000d5580000,0x00000000d5580000,0x00000000deb00000)
  from space 15872K, 0% used [0x00000000dff00000,0x00000000dff00000,0x00000000e0e80000)
  to   space 20480K, 0% used [0x00000000deb00000,0x00000000deb00000,0x00000000dff00000)
 ParOldGen       total 142336K, used 35625K [0x0000000080000000, 0x0000000088b00000, 0x00000000d5580000)
  object space 142336K, 25% used [0x0000000080000000,0x00000000822ca610,0x0000000088b00000)
 Metaspace       used 56628K, capacity 58826K, committed 59096K, reserved 1099776K
  class space    used 7438K, capacity 7890K, committed 7936K, reserved 1048576K
}

