# JRE version: OpenJDK Runtime Environment (8.0_242-b01) (build 1.8.0_242-release-1644-b01)
# Java VM: OpenJDK 64-Bit Server VM (25.242-b01 mixed mode windows-amd64 compressed oops)
Heap:
 PSYoungGen      total 76288K, used 73803K [0x00000000d5580000, 0x00000000dab80000, 0x0000000100000000)
  eden space 66048K, 100% used [0x00000000d5580000,0x00000000d9600000,0x00000000d9600000)
  from space 10240K, 75% used [0x00000000da080000,0x00000000da812c18,0x00000000daa80000)
  to   space 10752K, 0% used [0x00000000d9600000,0x00000000d9600000,0x00000000da080000)
 ParOldGen       total 53248K, used 14501K [0x0000000080000000, 0x0000000083400000, 0x00000000d5580000)
  object space 53248K, 27% used [0x0000000080000000,0x0000000080e29500,0x0000000083400000)
 Metaspace       used 41512K, capacity 43296K, committed 43648K, reserved 1087488K
  class space    used 5580K, capacity 5932K, committed 6016K, reserved 1048576K
GC Heap History (10 events):
Event: 9.658 GC heap before
{Heap before GC invocations=8 (full 1):
 PSYoungGen      total 76288K, used 66048K [0x00000000d5580000, 0x00000000dab80000, 0x0000000100000000)
  eden space 66048K, 100% used [0x00000000d5580000,0x00000000d9600000,0x00000000d9600000)
  from space 10240K, 0% used [0x00000000da080000,0x00000000da080000,0x00000000daa80000)
  to   space 10752K, 0% used [0x00000000d9600000,0x00000000d9600000,0x00000000da080000)
 ParOldGen       total 53248K, used 9099K [0x0000000080000000, 0x0000000083400000, 0x00000000d5580000)
  object space 53248K, 17% used [0x0000000080000000,0x00000000808e2f50,0x0000000083400000)
 Metaspace       used 24532K, capacity 25542K, committed 25856K, reserved 1071104K
  class space    used 3498K, capacity 3770K, committed 3840K, reserved 1048576K
Event: 9.667 GC heap after
Heap after GC invocations=8 (full 1):
 PSYoungGen      total 76800K, used 5849K [0x00000000d5580000, 0x00000000dab80000, 0x0000000100000000)
  eden space 66048K, 0% used [0x00000000d5580000,0x00000000d5580000,0x00000000d9600000)
  from space 10752K, 54% used [0x00000000d9600000,0x00000000d9bb6788,0x00000000da080000)
  to   space 10240K, 0% used [0x00000000da080000,0x00000000da080000,0x00000000daa80000)
 ParOldGen       total 53248K, used 9107K [0x0000000080000000, 0x0000000083400000, 0x00000000d5580000)
  object space 53248K, 17% used [0x0000000080000000,0x00000000808e4f50,0x0000000083400000)
 Metaspace       used 24532K, capacity 25542K, committed 25856K, reserved 1071104K
  class space    used 3498K, capacity 3770K, committed 3840K, reserved 1048576K
}
Event: 12.057 GC heap before
{Heap before GC invocations=9 (full 1):
 PSYoungGen      total 76800K, used 71897K [0x00000000d5580000, 0x00000000dab80000, 0x0000000100000000)
  eden space 66048K, 100% used [0x00000000d5580000,0x00000000d9600000,0x00000000d9600000)
  from space 10752K, 54% used [0x00000000d9600000,0x00000000d9bb6788,0x00000000da080000)
  to   space 10240K, 0% used [0x00000000da080000,0x00000000da080000,0x00000000daa80000)
 ParOldGen       total 53248K, used 9107K [0x0000000080000000, 0x0000000083400000, 0x00000000d5580000)
  object space 53248K, 17% used [0x0000000080000000,0x00000000808e4f50,0x0000000083400000)
 Metaspace       used 32672K, capacity 33880K, committed 34176K, reserved 1079296K
  class space    used 4415K, capacity 4712K, committed 4736K, reserved 1048576K
Event: 12.068 GC heap after
Heap after GC invocations=9 (full 1):
 PSYoungGen      total 76288K, used 10196K [0x00000000d5580000, 0x00000000dab80000, 0x0000000100000000)
  eden space 66048K, 0% used [0x00000000d5580000,0x00000000d5580000,0x00000000d9600000)
  from space 10240K, 99% used [0x00000000da080000,0x00000000daa750e8,0x00000000daa80000)
  to   space 10752K, 0% used [0x00000000d9600000,0x00000000d9600000,0x00000000da080000)
 ParOldGen       total 53248K, used 9115K [0x0000000080000000, 0x0000000083400000, 0x00000000d5580000)
  object space 53248K, 17% used [0x0000000080000000,0x00000000808e6f50,0x0000000083400000)
 Metaspace       used 32672K, capacity 33880K, committed 34176K, reserved 1079296K
  class space    used 4415K, capacity 4712K, committed 4736K, reserved 1048576K
}
Event: 12.460 GC heap before
{Heap before GC invocations=10 (full 1):
 PSYoungGen      total 76288K, used 25078K [0x00000000d5580000, 0x00000000dab80000, 0x0000000100000000)
  eden space 66048K, 22% used [0x00000000d5580000,0x00000000d64087a8,0x00000000d9600000)
  from space 10240K, 99% used [0x00000000da080000,0x00000000daa750e8,0x00000000daa80000)
  to   space 10752K, 0% used [0x00000000d9600000,0x00000000d9600000,0x00000000da080000)
 ParOldGen       total 53248K, used 9115K [0x0000000080000000, 0x0000000083400000, 0x00000000d5580000)
  object space 53248K, 17% used [0x0000000080000000,0x00000000808e6f50,0x0000000083400000)
 Metaspace       used 34125K, capacity 35342K, committed 35456K, reserved 1079296K
  class space    used 4595K, capacity 4917K, committed 4992K, reserved 1048576K
Event: 12.475 GC heap after
Heap after GC invocations=10 (full 1):
 PSYoungGen      total 76800K, used 7934K [0x00000000d5580000, 0x00000000dab80000, 0x0000000100000000)
  eden space 66048K, 0% used [0x00000000d5580000,0x00000000d5580000,0x00000000d9600000)
  from space 10752K, 73% used [0x00000000d9600000,0x00000000d9dbfa50,0x00000000da080000)
  to   space 10240K, 0% used [0x00000000da080000,0x00000000da080000,0x00000000daa80000)
 ParOldGen       total 53248K, used 9123K [0x0000000080000000, 0x0000000083400000, 0x00000000d5580000)
  object space 53248K, 17% used [0x0000000080000000,0x00000000808e8f50,0x0000000083400000)
 Metaspace       used 34125K, capacity 35342K, committed 35456K, reserved 1079296K
  class space    used 4595K, capacity 4917K, committed 4992K, reserved 1048576K
}
Event: 12.475 GC heap before
{Heap before GC invocations=11 (full 2):
 PSYoungGen      total 76800K, used 7934K [0x00000000d5580000, 0x00000000dab80000, 0x0000000100000000)
  eden space 66048K, 0% used [0x00000000d5580000,0x00000000d5580000,0x00000000d9600000)
  from space 10752K, 73% used [0x00000000d9600000,0x00000000d9dbfa50,0x00000000da080000)
  to   space 10240K, 0% used [0x00000000da080000,0x00000000da080000,0x00000000daa80000)
 ParOldGen       total 53248K, used 9123K [0x0000000080000000, 0x0000000083400000, 0x00000000d5580000)
  object space 53248K, 17% used [0x0000000080000000,0x00000000808e8f50,0x0000000083400000)
 Metaspace       used 34125K, capacity 35342K, committed 35456K, reserved 1079296K
  class space    used 4595K, capacity 4917K, committed 4992K, reserved 1048576K
Event: 12.602 GC heap after
Heap after GC invocations=11 (full 2):
 PSYoungGen      total 76800K, used 0K [0x00000000d5580000, 0x00000000dab80000, 0x0000000100000000)
  eden space 66048K, 0% used [0x00000000d5580000,0x00000000d5580000,0x00000000d9600000)
  from space 10752K, 0% used [0x00000000d9600000,0x00000000d9600000,0x00000000da080000)
  to   space 10240K, 0% used [0x00000000da080000,0x00000000da080000,0x00000000daa80000)
 ParOldGen       total 53248K, used 14501K [0x0000000080000000, 0x0000000083400000, 0x00000000d5580000)
  object space 53248K, 27% used [0x0000000080000000,0x0000000080e29500,0x0000000083400000)
 Metaspace       used 34125K, capacity 35342K, committed 35456K, reserved 1079296K
  class space    used 4595K, capacity 4917K, committed 4992K, reserved 1048576K
}
Event: 14.164 GC heap before
{Heap before GC invocations=12 (full 2):
 PSYoungGen      total 76800K, used 66048K [0x00000000d5580000, 0x00000000dab80000, 0x0000000100000000)
  eden space 66048K, 100% used [0x00000000d5580000,0x00000000d9600000,0x00000000d9600000)
  from space 10752K, 0% used [0x00000000d9600000,0x00000000d9600000,0x00000000da080000)
  to   space 10240K, 0% used [0x00000000da080000,0x00000000da080000,0x00000000daa80000)
 ParOldGen       total 53248K, used 14501K [0x0000000080000000, 0x0000000083400000, 0x00000000d5580000)
  object space 53248K, 27% used [0x0000000080000000,0x0000000080e29500,0x0000000083400000)
 Metaspace       used 38678K, capacity 40054K, committed 40320K, reserved 1083392K
  class space    used 5110K, capacity 5424K, committed 5504K, reserved 1048576K
Event: 14.175 GC heap after
Heap after GC invocations=12 (full 2):
 PSYoungGen      total 76288K, used 7755K [0x00000000d5580000, 0x00000000dab80000, 0x0000000100000000)
  eden space 66048K, 0% used [0x00000000d5580000,0x00000000d5580000,0x00000000d9600000)
  from space 10240K, 75% used [0x00000000da080000,0x00000000da812c18,0x00000000daa80000)
  to   space 10752K, 0% used [0x00000000d9600000,0x00000000d9600000,0x00000000da080000)
 ParOldGen       total 53248K, used 14501K [0x0000000080000000, 0x0000000083400000, 0x00000000d5580000)
  object space 53248K, 27% used [0x0000000080000000,0x0000000080e29500,0x0000000083400000)
 Metaspace       used 38678K, capacity 40054K, committed 40320K, reserved 1083392K
  class space    used 5110K, capacity 5424K, committed 5504K, reserved 1048576K
}

