# JRE version: OpenJDK Runtime Environment (8.0_242-b01) (build 1.8.0_242-release-1644-b01)
# Java VM: OpenJDK 64-Bit Server VM (25.242-b01 mixed mode windows-amd64 compressed oops)
Heap:
 PSYoungGen      total 159232K, used 127187K [0x00000000d5580000, 0x00000000dff80000, 0x0000000100000000)
  eden space 149504K, 78% used [0x00000000d5580000,0x00000000dc8c3c88,0x00000000de780000)
  from space 9728K, 94% used [0x00000000df600000,0x00000000dfef10e0,0x00000000dff80000)
  to   space 12288K, 0% used [0x00000000de780000,0x00000000de780000,0x00000000df380000)
 ParOldGen       total 76288K, used 14882K [0x0000000080000000, 0x0000000084a80000, 0x00000000d5580000)
  object space 76288K, 19% used [0x0000000080000000,0x0000000080e888f8,0x0000000084a80000)
 Metaspace       used 47385K, capacity 49442K, committed 49664K, reserved 1091584K
  class space    used 6401K, capacity 6810K, committed 6912K, reserved 1048576K
GC Heap History (10 events):
Event: 14.476 GC heap before
{Heap before GC invocations=8 (full 1):
 PSYoungGen      total 76288K, used 66048K [0x00000000d5580000, 0x00000000dab80000, 0x0000000100000000)
  eden space 66048K, 100% used [0x00000000d5580000,0x00000000d9600000,0x00000000d9600000)
  from space 10240K, 0% used [0x00000000da080000,0x00000000da080000,0x00000000daa80000)
  to   space 10752K, 0% used [0x00000000d9600000,0x00000000d9600000,0x00000000da080000)
 ParOldGen       total 57344K, used 9150K [0x0000000080000000, 0x0000000083800000, 0x00000000d5580000)
  object space 57344K, 15% used [0x0000000080000000,0x00000000808efba8,0x0000000083800000)
 Metaspace       used 24739K, capacity 25764K, committed 25856K, reserved 1071104K
  class space    used 3523K, capacity 3803K, committed 3840K, reserved 1048576K
Event: 14.495 GC heap after
Heap after GC invocations=8 (full 1):
 PSYoungGen      total 76800K, used 5980K [0x00000000d5580000, 0x00000000dd380000, 0x0000000100000000)
  eden space 66048K, 0% used [0x00000000d5580000,0x00000000d5580000,0x00000000d9600000)
  from space 10752K, 55% used [0x00000000d9600000,0x00000000d9bd72b8,0x00000000da080000)
  to   space 10240K, 0% used [0x00000000dc980000,0x00000000dc980000,0x00000000dd380000)
 ParOldGen       total 57344K, used 9158K [0x0000000080000000, 0x0000000083800000, 0x00000000d5580000)
  object space 57344K, 15% used [0x0000000080000000,0x00000000808f1ba8,0x0000000083800000)
 Metaspace       used 24739K, capacity 25764K, committed 25856K, reserved 1071104K
  class space    used 3523K, capacity 3803K, committed 3840K, reserved 1048576K
}
Event: 16.742 GC heap before
{Heap before GC invocations=9 (full 1):
 PSYoungGen      total 76800K, used 72028K [0x00000000d5580000, 0x00000000dd380000, 0x0000000100000000)
  eden space 66048K, 100% used [0x00000000d5580000,0x00000000d9600000,0x00000000d9600000)
  from space 10752K, 55% used [0x00000000d9600000,0x00000000d9bd72b8,0x00000000da080000)
  to   space 10240K, 0% used [0x00000000dc980000,0x00000000dc980000,0x00000000dd380000)
 ParOldGen       total 57344K, used 9158K [0x0000000080000000, 0x0000000083800000, 0x00000000d5580000)
  object space 57344K, 15% used [0x0000000080000000,0x00000000808f1ba8,0x0000000083800000)
 Metaspace       used 33016K, capacity 34182K, committed 34560K, reserved 1079296K
  class space    used 4447K, capacity 4747K, committed 4864K, reserved 1048576K
Event: 16.768 GC heap after
Heap after GC invocations=9 (full 1):
 PSYoungGen      total 117248K, used 10141K [0x00000000d5580000, 0x00000000dd600000, 0x0000000100000000)
  eden space 107008K, 0% used [0x00000000d5580000,0x00000000d5580000,0x00000000dbe00000)
  from space 10240K, 99% used [0x00000000dc980000,0x00000000dd367518,0x00000000dd380000)
  to   space 11776K, 0% used [0x00000000dbe00000,0x00000000dbe00000,0x00000000dc980000)
 ParOldGen       total 57344K, used 9166K [0x0000000080000000, 0x0000000083800000, 0x00000000d5580000)
  object space 57344K, 15% used [0x0000000080000000,0x00000000808f3ba8,0x0000000083800000)
 Metaspace       used 33016K, capacity 34182K, committed 34560K, reserved 1079296K
  class space    used 4447K, capacity 4747K, committed 4864K, reserved 1048576K
}
Event: 17.245 GC heap before
{Heap before GC invocations=10 (full 1):
 PSYoungGen      total 117248K, used 37694K [0x00000000d5580000, 0x00000000dd600000, 0x0000000100000000)
  eden space 107008K, 25% used [0x00000000d5580000,0x00000000d70684b8,0x00000000dbe00000)
  from space 10240K, 99% used [0x00000000dc980000,0x00000000dd367518,0x00000000dd380000)
  to   space 11776K, 0% used [0x00000000dbe00000,0x00000000dbe00000,0x00000000dc980000)
 ParOldGen       total 57344K, used 9166K [0x0000000080000000, 0x0000000083800000, 0x00000000d5580000)
  object space 57344K, 15% used [0x0000000080000000,0x00000000808f3ba8,0x0000000083800000)
 Metaspace       used 34037K, capacity 35356K, committed 35456K, reserved 1079296K
  class space    used 4580K, capacity 4914K, committed 4992K, reserved 1048576K
Event: 17.261 GC heap after
Heap after GC invocations=10 (full 1):
 PSYoungGen      total 118784K, used 8243K [0x00000000d5580000, 0x00000000e0180000, 0x0000000100000000)
  eden space 107008K, 0% used [0x00000000d5580000,0x00000000d5580000,0x00000000dbe00000)
  from space 11776K, 70% used [0x00000000dbe00000,0x00000000dc60cf68,0x00000000dc980000)
  to   space 11776K, 0% used [0x00000000df600000,0x00000000df600000,0x00000000e0180000)
 ParOldGen       total 57344K, used 9174K [0x0000000080000000, 0x0000000083800000, 0x00000000d5580000)
  object space 57344K, 15% used [0x0000000080000000,0x00000000808f5ba8,0x0000000083800000)
 Metaspace       used 34037K, capacity 35356K, committed 35456K, reserved 1079296K
  class space    used 4580K, capacity 4914K, committed 4992K, reserved 1048576K
}
Event: 17.261 GC heap before
{Heap before GC invocations=11 (full 2):
 PSYoungGen      total 118784K, used 8243K [0x00000000d5580000, 0x00000000e0180000, 0x0000000100000000)
  eden space 107008K, 0% used [0x00000000d5580000,0x00000000d5580000,0x00000000dbe00000)
  from space 11776K, 70% used [0x00000000dbe00000,0x00000000dc60cf68,0x00000000dc980000)
  to   space 11776K, 0% used [0x00000000df600000,0x00000000df600000,0x00000000e0180000)
 ParOldGen       total 57344K, used 9174K [0x0000000080000000, 0x0000000083800000, 0x00000000d5580000)
  object space 57344K, 15% used [0x0000000080000000,0x00000000808f5ba8,0x0000000083800000)
 Metaspace       used 34037K, capacity 35356K, committed 35456K, reserved 1079296K
  class space    used 4580K, capacity 4914K, committed 4992K, reserved 1048576K
Event: 17.335 GC heap after
Heap after GC invocations=11 (full 2):
 PSYoungGen      total 118784K, used 0K [0x00000000d5580000, 0x00000000e0180000, 0x0000000100000000)
  eden space 107008K, 0% used [0x00000000d5580000,0x00000000d5580000,0x00000000dbe00000)
  from space 11776K, 0% used [0x00000000dbe00000,0x00000000dbe00000,0x00000000dc980000)
  to   space 11776K, 0% used [0x00000000df600000,0x00000000df600000,0x00000000e0180000)
 ParOldGen       total 76288K, used 14874K [0x0000000080000000, 0x0000000084a80000, 0x00000000d5580000)
  object space 76288K, 19% used [0x0000000080000000,0x0000000080e868f8,0x0000000084a80000)
 Metaspace       used 34037K, capacity 35356K, committed 35456K, reserved 1079296K
  class space    used 4580K, capacity 4914K, committed 4992K, reserved 1048576K
}
Event: 19.447 GC heap before
{Heap before GC invocations=12 (full 2):
 PSYoungGen      total 118784K, used 107008K [0x00000000d5580000, 0x00000000e0180000, 0x0000000100000000)
  eden space 107008K, 100% used [0x00000000d5580000,0x00000000dbe00000,0x00000000dbe00000)
  from space 11776K, 0% used [0x00000000dbe00000,0x00000000dbe00000,0x00000000dc980000)
  to   space 11776K, 0% used [0x00000000df600000,0x00000000df600000,0x00000000e0180000)
 ParOldGen       total 76288K, used 14874K [0x0000000080000000, 0x0000000084a80000, 0x00000000d5580000)
  object space 76288K, 19% used [0x0000000080000000,0x0000000080e868f8,0x0000000084a80000)
 Metaspace       used 38686K, capacity 40492K, committed 40576K, reserved 1083392K
  class space    used 5311K, capacity 5706K, committed 5760K, reserved 1048576K
Event: 19.459 GC heap after
Heap after GC invocations=12 (full 2):
 PSYoungGen      total 159232K, used 9156K [0x00000000d5580000, 0x00000000dff80000, 0x0000000100000000)
  eden space 149504K, 0% used [0x00000000d5580000,0x00000000d5580000,0x00000000de780000)
  from space 9728K, 94% used [0x00000000df600000,0x00000000dfef10e0,0x00000000dff80000)
  to   space 12288K, 0% used [0x00000000de780000,0x00000000de780000,0x00000000df380000)
 ParOldGen       total 76288K, used 14882K [0x0000000080000000, 0x0000000084a80000, 0x00000000d5580000)
  object space 76288K, 19% used [0x0000000080000000,0x0000000080e888f8,0x0000000084a80000)
 Metaspace       used 38686K, capacity 40492K, committed 40576K, reserved 1083392K
  class space    used 5311K, capacity 5706K, committed 5760K, reserved 1048576K
}

